<?xml version="1.0" encoding="UTF-8"?>
<!-- Generated by org.testng.reporters.JUnitReportReporter -->
<testsuite hostname="Mds-MacBook-Pro-3.local" failures="0" tests="1" name="api.test.ValidateJSONSchema" time="3.697" errors="0" timestamp="2023-05-15T23:05:09 EDT" skipped="0">
  <testcase classname="api.test.ValidateJSONSchema" name="testSchemaPostUser" time="3.697"/>
  <system-out/>
</testsuite> <!-- api.test.ValidateJSONSchema -->
