<?xml version="1.0" encoding="UTF-8"?>
<!-- Generated by org.testng.reporters.JUnitReportReporter -->
<testsuite hostname="Mds-MacBook-Pro-3.local" failures="0" tests="2" name="api.test.UserTests" time="1.735" errors="0" timestamp="2023-05-16T21:40:04 EDT" skipped="0">
  <testcase classname="api.test.UserTests" name="testPostUser" time="1.618"/>
  <system-out/>
  <testcase classname="api.test.UserTests" name="testUpdateUser" time="0.117"/>
  <system-out/>
</testsuite> <!-- api.test.UserTests -->
